<?xml version="1.0" encoding="UTF-8"?>
<!-- Generated by org.testng.reporters.JUnitReportReporter -->
<testsuite skipped="0" hostname="2d71f5cf4947" name="com.searchmodule.tests.SearchTest" tests="4" failures="0" timestamp="05 Oct 2020 08:35:03 GMT" time="41.337" errors="0">
  <testcase name="search" time="10.076" classname="com.searchmodule.tests.SearchTest"/>
  <testcase name="search" time="9.698" classname="com.searchmodule.tests.SearchTest"/>
  <testcase name="search" time="9.989" classname="com.searchmodule.tests.SearchTest"/>
  <testcase name="search" time="11.574" classname="com.searchmodule.tests.SearchTest"/>
</testsuite> <!-- com.searchmodule.tests.SearchTest -->
