<?xml version="1.0" encoding="UTF-8"?>
<!-- Generated by org.testng.reporters.JUnitReportReporter -->
<testsuite skipped="0" hostname="PIYUSHJ-M-R0W5" name="com.searchmodule.tests.SearchTest" tests="4" failures="0" timestamp="03 Oct 2020 18:19:35 GMT" time="60.573" errors="0">
  <testcase name="search" time="12.277" classname="com.searchmodule.tests.SearchTest"/>
  <testcase name="search" time="19.631" classname="com.searchmodule.tests.SearchTest"/>
  <testcase name="search" time="15.163" classname="com.searchmodule.tests.SearchTest"/>
  <testcase name="search" time="13.502" classname="com.searchmodule.tests.SearchTest"/>
</testsuite> <!-- com.searchmodule.tests.SearchTest -->
